{"C:\\Users\\dell\\Documents\\GitHub\\test-Pratice\\capitalizeStr.js": {"path":"C:\\Users\\dell\\Documents\\GitHub\\test-Pratice\\capitalizeStr.js","statementMap":{"0":{"start":{"line":1,"column":20},"end":{"line":6,"column":3}},"1":{"start":{"line":2,"column":4},"end":{"line":2,"column":24}},"2":{"start":{"line":3,"column":4},"end":{"line":3,"column":34}},"3":{"start":{"line":4,"column":4},"end":{"line":4,"column":23}},"4":{"start":{"line":5,"column":4},"end":{"line":5,"column":15}},"5":{"start":{"line":8,"column":2},"end":{"line":8,"column":31}}},"fnMap":{"0":{"name":"(anonymous_0)","decl":{"start":{"line":1,"column":20},"end":{"line":1,"column":21}},"loc":{"start":{"line":1,"column":29},"end":{"line":6,"column":3}},"line":1}},"branchMap":{},"s":{"0":1,"1":1,"2":1,"3":1,"4":1,"5":1},"f":{"0":1},"b":{},"_coverageSchema":"1a1c01bbd47fc00a2c39e90264f33305004495a9","hash":"81e77c40e446a8f5e72a543812aed899ad27e6ec"}
,"C:\\Users\\dell\\Documents\\GitHub\\test-Pratice\\stringlength.js": {"path":"C:\\Users\\dell\\Documents\\GitHub\\test-Pratice\\stringlength.js","statementMap":{"0":{"start":{"line":1,"column":21},"end":{"line":10,"column":1}},"1":{"start":{"line":2,"column":4},"end":{"line":2,"column":49}},"2":{"start":{"line":3,"column":4},"end":{"line":9,"column":5}},"3":{"start":{"line":4,"column":8},"end":{"line":4,"column":32}},"4":{"start":{"line":5,"column":10},"end":{"line":9,"column":5}},"5":{"start":{"line":6,"column":8},"end":{"line":6,"column":36}},"6":{"start":{"line":8,"column":8},"end":{"line":8,"column":25}},"7":{"start":{"line":11,"column":0},"end":{"line":11,"column":30}}},"fnMap":{"0":{"name":"(anonymous_0)","decl":{"start":{"line":1,"column":21},"end":{"line":1,"column":22}},"loc":{"start":{"line":1,"column":33},"end":{"line":10,"column":1}},"line":1}},"branchMap":{"0":{"loc":{"start":{"line":3,"column":4},"end":{"line":9,"column":5}},"type":"if","locations":[{"start":{"line":3,"column":4},"end":{"line":9,"column":5}},{"start":{"line":5,"column":10},"end":{"line":9,"column":5}}],"line":3},"1":{"loc":{"start":{"line":5,"column":10},"end":{"line":9,"column":5}},"type":"if","locations":[{"start":{"line":5,"column":10},"end":{"line":9,"column":5}},{"start":{"line":7,"column":10},"end":{"line":9,"column":5}}],"line":5}},"s":{"0":1,"1":3,"2":3,"3":1,"4":2,"5":1,"6":1,"7":1},"f":{"0":3},"b":{"0":[1,2],"1":[1,1]},"_coverageSchema":"1a1c01bbd47fc00a2c39e90264f33305004495a9","hash":"64dcd0396ac28bf223509c3ad3fe008040986aa1"}
}
